<?xml version="1.0" encoding="UTF-8"?>
<!-- Generated by org.testng.reporters.JUnitReportReporter -->
<testsuite hostname="DESKTOP-JAOA3QD" failures="0" tests="2" name="com.naveenAutomationLab.naveenAutomationLabFrameWork.Test.YourOrderHasBeenPlacedTest" time="5.591" errors="0" timestamp="2023-07-13T10:51:30 EDT" skipped="1">
  <testcase classname="com.naveenAutomationLab.naveenAutomationLabFrameWork.Test.YourOrderHasBeenPlacedTest" name="verifyCustomerCanSelectItemAndAddToCart" time="5.591"/>
  <system-out/>
  <testcase classname="com.naveenAutomationLab.naveenAutomationLabFrameWork.Test.YourOrderHasBeenPlacedTest" name="verifyCustomerCanAddItemToShoppingCartAndCheckOut">
    <skipped/>
  </testcase> <!-- verifyCustomerCanAddItemToShoppingCartAndCheckOut -->
  <system-out/>
</testsuite> <!-- com.naveenAutomationLab.naveenAutomationLabFrameWork.Test.YourOrderHasBeenPlacedTest -->
