<?xml version="1.0" encoding="UTF-8"?>
<!-- Generated by org.testng.reporters.JUnitReportReporter -->
<testsuite hostname="DESKTOP-JAOA3QD" failures="0" tests="5" name="com.naveenAutomationLab.naveenAutomationLabFrameWork.Test.LoginPageTest" time="54.699" errors="0" timestamp="2023-07-13T10:51:30 EDT" skipped="0">
  <testcase classname="com.naveenAutomationLab.naveenAutomationLabFrameWork.Test.LoginPageTest" name="validateIfCustomerIsAbleToLoginWithValidCredentilas" time="11.200"/>
  <system-out/>
  <testcase classname="com.naveenAutomationLab.naveenAutomationLabFrameWork.Test.LoginPageTest" name="validateIfCustomerIsAbleToLoginWithValidCredentilas" time="10.624"/>
  <system-out/>
  <testcase classname="com.naveenAutomationLab.naveenAutomationLabFrameWork.Test.LoginPageTest" name="validateIfCustomerIsAbleToLoginWithValidCredentilas" time="10.920"/>
  <system-out/>
  <testcase classname="com.naveenAutomationLab.naveenAutomationLabFrameWork.Test.LoginPageTest" name="validateIfCustomerIsAbleToLoginWithValidCredentilas" time="10.610"/>
  <system-out/>
  <testcase classname="com.naveenAutomationLab.naveenAutomationLabFrameWork.Test.LoginPageTest" name="validateIfCustomerIsAbleToLoginWithValidCredentilas" time="11.345"/>
  <system-out/>
</testsuite> <!-- com.naveenAutomationLab.naveenAutomationLabFrameWork.Test.LoginPageTest -->
