<?xml version="1.0" encoding="UTF-8"?>
<!-- Generated by org.testng.reporters.JUnitReportReporter -->
<testsuite hostname="DESKTOP-JAOA3QD" failures="0" tests="6" name="com.naveenAutomationLab.naveenAutomationLabFrameWork.Test.YourStoreTest" time="19.103" errors="0" timestamp="2023-07-13T10:51:30 EDT" skipped="3">
  <testcase classname="com.naveenAutomationLab.naveenAutomationLabFrameWork.Test.YourStoreTest" name="validateIfWishListUpdatedWhenItemAdded" time="7.084"/>
  <system-out/>
  <testcase classname="com.naveenAutomationLab.naveenAutomationLabFrameWork.Test.YourStoreTest" name="validateCartIsUpdatedWhenNewItemAdded" time="6.844"/>
  <system-out/>
  <testcase classname="com.naveenAutomationLab.naveenAutomationLabFrameWork.Test.YourStoreTest" name="validateCorrespondingSearchItemIsDisplayed" time="5.175"/>
  <system-out/>
  <testcase classname="com.naveenAutomationLab.naveenAutomationLabFrameWork.Test.YourStoreTest" name="varifyIfMacbookImageDisplayedWhenClickOnSlideBulletbtn">
    <skipped/>
  </testcase> <!-- varifyIfMacbookImageDisplayedWhenClickOnSlideBulletbtn -->
  <system-out/>
  <testcase classname="com.naveenAutomationLab.naveenAutomationLabFrameWork.Test.YourStoreTest" name="verifyIfAllLinksPresentUnderInformation">
    <skipped/>
  </testcase> <!-- verifyIfAllLinksPresentUnderInformation -->
  <system-out/>
  <testcase classname="com.naveenAutomationLab.naveenAutomationLabFrameWork.Test.YourStoreTest" name="verifyIfiPhoneImageDisplayedWhenClickOnSlideBulletBtn">
    <skipped/>
  </testcase> <!-- verifyIfiPhoneImageDisplayedWhenClickOnSlideBulletBtn -->
  <system-out/>
</testsuite> <!-- com.naveenAutomationLab.naveenAutomationLabFrameWork.Test.YourStoreTest -->
