<?xml version="1.0" encoding="UTF-8"?>
<!-- Generated by org.testng.reporters.JUnitReportReporter -->
<testsuite hostname="DESKTOP-JAOA3QD" failures="0" tests="1" name="com.naveenAutomationLab.naveenAutomationLabFrameWork.AppTest" time="6.394" errors="0" timestamp="15 Jun. 2023 18:08:53 GMT" skipped="0">
  <testcase classname="com.naveenAutomationLab.naveenAutomationLabFrameWork.AppTest" name="shouldAnswerWithTrue" time="6.394"/>
</testsuite> <!-- com.naveenAutomationLab.naveenAutomationLabFrameWork.AppTest -->
