<?xml version="1.0" encoding="UTF-8"?>
<!-- Generated by org.testng.reporters.JUnitReportReporter -->
<testsuite hostname="DESKTOP-JAOA3QD" failures="0" tests="1" name="com.naveenAutomationLab.naveenAutomationLabFrameWork.Test.MyWishListTest" time="17.456" errors="0" timestamp="2023-07-13T10:51:30 EDT" skipped="0">
  <testcase classname="com.naveenAutomationLab.naveenAutomationLabFrameWork.Test.MyWishListTest" name="validateWishListTable" time="17.456"/>
  <system-out/>
</testsuite> <!-- com.naveenAutomationLab.naveenAutomationLabFrameWork.Test.MyWishListTest -->
