<?xml version="1.0" encoding="UTF-8"?>
<!-- Generated by org.testng.reporters.JUnitReportReporter -->
<testsuite hostname="DESKTOP-JAOA3QD" failures="0" tests="5" name="com.naveenAutomationLab.naveenAutomationLabFrameWork.Test.LoginPageTest" time="60.809" errors="0" timestamp="13 Jul. 2023 17:02:03 GMT" skipped="0">
  <testcase classname="com.naveenAutomationLab.naveenAutomationLabFrameWork.Test.LoginPageTest" name="validateIfCustomerIsAbleToLoginWithValidCredentilas" time="11.647"/>
  <testcase classname="com.naveenAutomationLab.naveenAutomationLabFrameWork.Test.LoginPageTest" name="validateIfCustomerIsAbleToLoginWithValidCredentilas" time="13.001"/>
  <testcase classname="com.naveenAutomationLab.naveenAutomationLabFrameWork.Test.LoginPageTest" name="validateIfCustomerIsAbleToLoginWithValidCredentilas" time="11.637"/>
  <testcase classname="com.naveenAutomationLab.naveenAutomationLabFrameWork.Test.LoginPageTest" name="validateIfCustomerIsAbleToLoginWithValidCredentilas" time="11.973"/>
  <testcase classname="com.naveenAutomationLab.naveenAutomationLabFrameWork.Test.LoginPageTest" name="validateIfCustomerIsAbleToLoginWithValidCredentilas" time="12.551"/>
</testsuite> <!-- com.naveenAutomationLab.naveenAutomationLabFrameWork.Test.LoginPageTest -->
