<?xml version="1.0" encoding="UTF-8"?>
<!-- Generated by org.testng.reporters.JUnitReportReporter -->
<testsuite hostname="DESKTOP-JAOA3QD" failures="0" tests="6" name="com.naveenAutomationLab.naveenAutomationLabFrameWork.Test.YourStoreTest" time="20.278" errors="0" timestamp="13 Jul. 2023 17:02:03 GMT" skipped="3">
  <testcase classname="com.naveenAutomationLab.naveenAutomationLabFrameWork.Test.YourStoreTest" name="validateCorrespondingSearchItemIsDisplayed" time="5.411"/>
  <testcase classname="com.naveenAutomationLab.naveenAutomationLabFrameWork.Test.YourStoreTest" name="validateCartIsUpdatedWhenNewItemAdded" time="7.346"/>
  <testcase classname="com.naveenAutomationLab.naveenAutomationLabFrameWork.Test.YourStoreTest" name="validateIfWishListUpdatedWhenItemAdded" time="7.521"/>
  <testcase classname="com.naveenAutomationLab.naveenAutomationLabFrameWork.Test.YourStoreTest" name="varifyIfMacbookImageDisplayedWhenClickOnSlideBulletbtn">
    <skipped/>
  </testcase> <!-- varifyIfMacbookImageDisplayedWhenClickOnSlideBulletbtn -->
  <testcase classname="com.naveenAutomationLab.naveenAutomationLabFrameWork.Test.YourStoreTest" name="verifyIfAllLinksPresentUnderInformation">
    <skipped/>
  </testcase> <!-- verifyIfAllLinksPresentUnderInformation -->
  <testcase classname="com.naveenAutomationLab.naveenAutomationLabFrameWork.Test.YourStoreTest" name="verifyIfiPhoneImageDisplayedWhenClickOnSlideBulletBtn">
    <skipped/>
  </testcase> <!-- verifyIfiPhoneImageDisplayedWhenClickOnSlideBulletBtn -->
</testsuite> <!-- com.naveenAutomationLab.naveenAutomationLabFrameWork.Test.YourStoreTest -->
