<?xml version="1.0" encoding="UTF-8"?>
<!-- Generated by org.testng.reporters.JUnitReportReporter -->
<testsuite hostname="DESKTOP-JAOA3QD" failures="0" tests="1" name="com.naveenAutomationLab.naveenAutomationLabFrameWork.Test.MyWishListTest" time="18.817" errors="0" timestamp="13 Jul. 2023 17:02:03 GMT" skipped="0">
  <testcase classname="com.naveenAutomationLab.naveenAutomationLabFrameWork.Test.MyWishListTest" name="validateWishListTable" time="18.817"/>
</testsuite> <!-- com.naveenAutomationLab.naveenAutomationLabFrameWork.Test.MyWishListTest -->
