<?xml version="1.0" encoding="UTF-8"?>
<!-- Generated by org.testng.reporters.JUnitReportReporter -->
<testsuite hostname="DESKTOP-JAOA3QD" failures="0" tests="2" name="com.naveenAutomationLab.naveenAutomationLabFrameWork.Test.YourOrderHasBeenPlacedTest" time="6.448" errors="0" timestamp="13 Jul. 2023 17:02:03 GMT" skipped="1">
  <testcase classname="com.naveenAutomationLab.naveenAutomationLabFrameWork.Test.YourOrderHasBeenPlacedTest" name="verifyCustomerCanSelectItemAndAddToCart" time="6.448"/>
  <testcase classname="com.naveenAutomationLab.naveenAutomationLabFrameWork.Test.YourOrderHasBeenPlacedTest" name="verifyCustomerCanAddItemToShoppingCartAndCheckOut">
    <skipped/>
  </testcase> <!-- verifyCustomerCanAddItemToShoppingCartAndCheckOut -->
</testsuite> <!-- com.naveenAutomationLab.naveenAutomationLabFrameWork.Test.YourOrderHasBeenPlacedTest -->
